6/18/2026, 10:27:57 PM: /: New Request Received!
6/18/2026, 10:27:57 PM: /favicon.ico: New Request Received!
6/18/2026, 10:28:11 PM: /: New Request Received!
6/18/2026, 10:28:11 PM: /favicon.ico: New Request Received!
6/18/2026, 10:28:30 PM: /home: New Request Received!
6/18/2026, 10:28:30 PM: /favicon.ico: New Request Received!
6/18/2026, 10:29:54 PM: /: New Request Received!
6/18/2026, 10:29:54 PM: /favicon.ico: New Request Received!
6/18/2026, 10:30:05 PM: /: New Request Received!
6/18/2026, 10:30:05 PM: /favicon.ico: New Request Received!
6/18/2026, 10:30:26 PM: /: New Request Received!
6/18/2026, 10:30:26 PM: /favicon.ico: New Request Received!
6/18/2026, 10:31:18 PM: /?q=hdakhkandh: New Request Received!
6/18/2026, 10:31:18 PM: /favicon.ico: New Request Received!
6/18/2026, 10:32:25 PM: /?name=hdakhkandh&userid=372%20mai=chala: New Request Received!
6/18/2026, 10:32:25 PM: /favicon.ico: New Request Received!
6/18/2026, 10:37:19 PM: /: New Request Received!
6/18/2026, 10:37:19 PM: /favicon.ico: New Request Received!
6/18/2026, 10:37:56 PM: /?q=raza+id=1: New Request Received!
6/18/2026, 10:37:56 PM: /favicon.ico: New Request Received!
6/18/2026, 10:38:28 PM: /?q=raza%20id=1: New Request Received!
6/18/2026, 10:38:28 PM: /favicon.ico: New Request Received!
6/18/2026, 10:38:53 PM: /?q=raza&id=1: New Request Received!
6/18/2026, 10:38:54 PM: /favicon.ico: New Request Received!
6/18/2026, 10:40:06 PM: /: New Request Received!
6/18/2026, 10:40:06 PM: /favicon.ico: New Request Received!
6/18/2026, 10:40:29 PM: /?q=raza&id=1: New Request Received!
6/18/2026, 10:40:30 PM: /favicon.ico: New Request Received!
6/18/2026, 10:41:02 PM: /: New Request Received!
6/18/2026, 10:41:02 PM: /favicon.ico: New Request Received!
6/18/2026, 10:41:17 PM: /?q=raza&id=1: New Request Received!
6/18/2026, 10:41:17 PM: /favicon.ico: New Request Received!
6/18/2026, 10:43:34 PM: /: New Request Received!
6/18/2026, 10:43:34 PM: /favicon.ico: New Request Received!
6/18/2026, 10:44:10 PM: /: New Request Received!
6/18/2026, 10:44:10 PM: /favicon.ico: New Request Received!
6/18/2026, 10:46:08 PM: /about?q=name&userid=1: New Request Received!
6/18/2026, 10:46:08 PM: /favicon.ico: New Request Received!
6/18/2026, 10:46:23 PM: /about?q=raza&userid=1: New Request Received!
6/18/2026, 10:46:23 PM: /favicon.ico: New Request Received!
